<?xml version="1.0" encoding="UTF-8"?>
<testsuite xmlns:xsi="http://www.w3.org/2001/XMLSchema-instance" xsi:noNamespaceSchemaLocation="https://maven.apache.org/surefire/maven-surefire-plugin/xsd/surefire-test-report-3.0.xsd" version="3.0" name="TestsFactorial.FactorialTest" time="0.136" tests="6" errors="0" skipped="0" failures="0">
  <properties>
[...]
</properties>
  <testcase name="factorialOfZeroIsOne" classname="TestsFactorial.FactorialTest" time="0.062"/>
  <testcase name="factorialOfThreeIsSix" classname="TestsFactorial.FactorialTest" time="0.004"/>
  <testcase name="factorialOfTwoIsTwo" classname="TestsFactorial.FactorialTest" time="0.002"/>
  <testcase name="factorialOfOneIsOne" classname="TestsFactorial.FactorialTest" time="0.002"/>
  <testcase name="factorialOf5Is120" classname="TestsFactorial.FactorialTest" time="0.002"/>
  <testcase name="factorialOfMinusIs" classname="TestsFactorial.FactorialTest" time="0.013"/>
</testsuite>